<?xml version="1.0" encoding="UTF-8"?>
<!-- Generated by org.testng.reporters.JUnitReportReporter -->
<testsuite skipped="0" hostname="Satishs-iMac.local" name="com.qa.tiatros.signIn.testcase.TC006" tests="1" failures="0" timestamp="02 May 2019 11:09:36 GMT" time="15.508" errors="0">
  <testcase name="tc006_signIN" time="15.508" classname="com.qa.tiatros.signIn.testcase.TC006"/>
</testsuite> <!-- com.qa.tiatros.signIn.testcase.TC006 -->
