<?xml version="1.0" encoding="UTF-8"?>
<!-- Generated by org.testng.reporters.JUnitReportReporter -->
<testsuite skipped="0" hostname="Satishs-iMac.local" name="com.qa.tiatros.signIn.testcase.TC003" tests="1" failures="0" timestamp="02 May 2019 11:09:36 GMT" time="15.350" errors="0">
  <testcase name="tc003_signIN" time="15.350" classname="com.qa.tiatros.signIn.testcase.TC003"/>
</testsuite> <!-- com.qa.tiatros.signIn.testcase.TC003 -->
