<?xml version="1.0" encoding="UTF-8"?>
<!-- Generated by org.testng.reporters.JUnitReportReporter -->
<testsuite skipped="0" hostname="Satishs-iMac.local" name="com.qa.tiatros.messaging.testcase.TC002" tests="1" failures="0" timestamp="06 Jun 2019 12:17:33 GMT" time="64.787" errors="0">
  <testcase name="upLoadImage" time="64.787" classname="com.qa.tiatros.messaging.testcase.TC002"/>
</testsuite> <!-- com.qa.tiatros.messaging.testcase.TC002 -->
