<?xml version="1.0" encoding="UTF-8"?>
<!-- Generated by org.testng.reporters.JUnitReportReporter -->
<testsuite skipped="0" hostname="AnuKrish" name="com.qa.tiatros.messaging.testcase.TC015" tests="1" failures="0" timestamp="27 Jun 2019 12:46:03 GMT" time="31.042" errors="0">
  <testcase name="fetchMyProgressResults" time="31.042" classname="com.qa.tiatros.messaging.testcase.TC015"/>
</testsuite> <!-- com.qa.tiatros.messaging.testcase.TC015 -->
