<?xml version="1.0" encoding="UTF-8"?>
<!-- Generated by org.testng.reporters.JUnitReportReporter -->
<testsuite skipped="0" hostname="Satishs-iMac.local" name="com.qa.tiatros.signIn.testcase.TC001" tests="1" failures="0" timestamp="26 Jun 2019 06:53:18 GMT" time="32.830" errors="0">
  <testcase name="tc001_signIN" time="32.830" classname="com.qa.tiatros.signIn.testcase.TC001"/>
</testsuite> <!-- com.qa.tiatros.signIn.testcase.TC001 -->
