<?xml version="1.0" encoding="UTF-8"?>
<!-- Generated by org.testng.reporters.JUnitReportReporter -->
<testsuite skipped="0" hostname="Satishs-iMac.local" name="com.qa.tiatros.messaging.testcase.TC008" tests="1" failures="0" timestamp="10 Jun 2019 10:42:14 GMT" time="48.769" errors="0">
  <testcase name="messagePostFromJMFSection" time="48.769" classname="com.qa.tiatros.messaging.testcase.TC008"/>
</testsuite> <!-- com.qa.tiatros.messaging.testcase.TC008 -->
