<?xml version="1.0" encoding="UTF-8"?>
<!-- Generated by org.testng.reporters.JUnitReportReporter -->
<testsuite skipped="0" hostname="Satishs-iMac.local" name="com.qa.tiatros.testcase.Test1" tests="1" failures="0" timestamp="28 Feb 2019 08:50:27 GMT" time="0.006" errors="0">
  <testcase name="print" time="0.006" classname="com.qa.tiatros.testcase.Test1"/>
</testsuite> <!-- com.qa.tiatros.testcase.Test1 -->
