<?xml version="1.0" encoding="UTF-8"?>
<!-- Generated by org.testng.reporters.JUnitReportReporter -->
<testsuite skipped="0" hostname="Satishs-iMac.local" name="com.qa.tiatros.testcase.ReturnUserRegistration" tests="1" failures="0" timestamp="07 Jun 2019 10:17:40 GMT" time="148.101" errors="0">
  <testcase name="return_user_dashboard_Click_All" time="148.101" classname="com.qa.tiatros.testcase.ReturnUserRegistration"/>
</testsuite> <!-- com.qa.tiatros.testcase.ReturnUserRegistration -->
