<?xml version="1.0" encoding="UTF-8"?>
<!-- Generated by org.testng.reporters.JUnitReportReporter -->
<testsuite skipped="0" hostname="Satishs-iMac.local" name="com.qa.tiatros.testcase.TestALL" tests="1" failures="0" timestamp="25 Apr 2019 11:04:28 GMT" time="77.785" errors="0">
  <testcase name="hitbutton" time="77.785" classname="com.qa.tiatros.testcase.TestALL"/>
</testsuite> <!-- com.qa.tiatros.testcase.TestALL -->
