<?xml version="1.0" encoding="UTF-8"?>
<!-- Generated by org.testng.reporters.JUnitReportReporter -->
<testsuite skipped="0" hostname="Satishs-iMac.local" name="com.qa.tiatros.signIn.testcase.TC002" tests="1" failures="0" timestamp="26 Jun 2019 06:55:44 GMT" time="15.812" errors="0">
  <testcase name="tc002_signIN" time="15.812" classname="com.qa.tiatros.signIn.testcase.TC002"/>
</testsuite> <!-- com.qa.tiatros.signIn.testcase.TC002 -->
