<?xml version="1.0" encoding="UTF-8"?>
<!-- Generated by org.testng.reporters.JUnitReportReporter -->
<testsuite skipped="0" hostname="Satishs-iMac.local" name="com.qa.tiatros.messaging.testcase.TC013" tests="1" failures="0" timestamp="25 Jun 2019 12:05:27 GMT" time="50.356" errors="0">
  <testcase name="profileChangeDetails" time="50.356" classname="com.qa.tiatros.messaging.testcase.TC013"/>
</testsuite> <!-- com.qa.tiatros.messaging.testcase.TC013 -->
