<?xml version="1.0" encoding="UTF-8"?>
<!-- Generated by org.testng.reporters.JUnitReportReporter -->
<testsuite skipped="0" hostname="Satishs-iMac.local" name="com.qa.tiatros.messaging.testcase.TC010" tests="1" failures="0" timestamp="20 Jun 2019 10:29:40 GMT" time="158.737" errors="0">
  <testcase name="addMultipleMessagePost" time="158.737" classname="com.qa.tiatros.messaging.testcase.TC010"/>
</testsuite> <!-- com.qa.tiatros.messaging.testcase.TC010 -->
