<?xml version="1.0" encoding="UTF-8"?>
<!-- Generated by org.testng.reporters.JUnitReportReporter -->
<testsuite skipped="0" hostname="Satishs-iMac.local" name="com.qa.tiatros.signIn.testcase.TC002" tests="1" failures="0" timestamp="24 Apr 2019 11:12:34 GMT" time="15.684" errors="0">
  <testcase name="tc002_signIN" time="15.684" classname="com.qa.tiatros.signIn.testcase.TC002"/>
</testsuite> <!-- com.qa.tiatros.signIn.testcase.TC002 -->
