<?xml version="1.0" encoding="UTF-8"?>
<!-- Generated by org.testng.reporters.JUnitReportReporter -->
<testsuite skipped="0" hostname="Satishs-iMac.local" name="com.qa.tiatros.messaging.testcase.TC009" tests="1" failures="0" timestamp="10 Jun 2019 10:38:43 GMT" time="43.810" errors="0">
  <testcase name="myGroupSection" time="43.810" classname="com.qa.tiatros.messaging.testcase.TC009"/>
</testsuite> <!-- com.qa.tiatros.messaging.testcase.TC009 -->
