<?xml version="1.0" encoding="UTF-8"?>
<!-- Generated by org.testng.reporters.JUnitReportReporter -->
<testsuite skipped="1" hostname="AnuKrish" name="com.qa.tiatros.testcase.DataProviderRegistration" tests="1" failures="0" timestamp="03 May 2019 07:46:45 GMT" time="0.000" errors="0">
  <testcase name="readDataFromExcel" time="0.000" classname="com.qa.tiatros.testcase.DataProviderRegistration">
    <skipped/>
  </testcase> <!-- readDataFromExcel -->
</testsuite> <!-- com.qa.tiatros.testcase.DataProviderRegistration -->
