<?xml version="1.0" encoding="UTF-8"?>
<!-- Generated by org.testng.reporters.JUnitReportReporter -->
<testsuite skipped="1" hostname="Satishs-iMac.local" name="com.qa.tiatros.testcase.LandingTest" tests="3" failures="0" timestamp="04 Mar 2019 10:38:01 GMT" time="0.217" errors="0">
  <testcase name="click_Register" time="0.159" classname="com.qa.tiatros.testcase.LandingTest"/>
  <testcase name="setupTest" time="0.058" classname="com.qa.tiatros.testcase.LandingTest"/>
  <testcase name="click_login" classname="com.qa.tiatros.testcase.LandingTest">
    <skipped/>
  </testcase> <!-- click_login -->
</testsuite> <!-- com.qa.tiatros.testcase.LandingTest -->
