<?xml version="1.0" encoding="UTF-8"?>
<!-- Generated by org.testng.reporters.JUnitReportReporter -->
<testsuite skipped="0" hostname="Satishs-iMac.local" name="com.qa.tiatros.signIn.testcase.TC007" tests="1" failures="0" timestamp="02 May 2019 10:55:53 GMT" time="14.231" errors="0">
  <testcase name="tc007_signIN" time="14.231" classname="com.qa.tiatros.signIn.testcase.TC007"/>
</testsuite> <!-- com.qa.tiatros.signIn.testcase.TC007 -->
