<?xml version="1.0" encoding="UTF-8"?>
<!-- Generated by org.testng.reporters.JUnitReportReporter -->
<testsuite skipped="0" hostname="Satishs-iMac.local" name="com.qa.tiatros.messaging.testcase.TC005" tests="1" failures="0" timestamp="10 Jun 2019 10:43:41 GMT" time="48.517" errors="0">
  <testcase name="clickAll4Notification" time="48.517" classname="com.qa.tiatros.messaging.testcase.TC005"/>
</testsuite> <!-- com.qa.tiatros.messaging.testcase.TC005 -->
