<?xml version="1.0" encoding="UTF-8"?>
<!-- Generated by org.testng.reporters.JUnitReportReporter -->
<testsuite skipped="0" hostname="Satishs-iMac.local" name="com.qa.tiatros.messaging.testcase.TC007" tests="1" failures="0" timestamp="06 Jun 2019 12:17:33 GMT" time="43.703" errors="0">
  <testcase name="myGroupSection" time="43.703" classname="com.qa.tiatros.messaging.testcase.TC007"/>
</testsuite> <!-- com.qa.tiatros.messaging.testcase.TC007 -->
