<?xml version="1.0" encoding="UTF-8"?>
<!-- Generated by org.testng.reporters.JUnitReportReporter -->
<testsuite skipped="0" hostname="Satishs-iMac.local" name="com.qa.tiatros.testcase.RegistrationTest" tests="2" failures="0" timestamp="01 Apr 2019 12:52:56 GMT" time="27.790" errors="0">
  <testcase name="validationAndVerification" time="13.345" classname="com.qa.tiatros.testcase.RegistrationTest"/>
  <testcase name="click_Signup_Link" time="14.445" classname="com.qa.tiatros.testcase.RegistrationTest"/>
</testsuite> <!-- com.qa.tiatros.testcase.RegistrationTest -->
