<?xml version="1.0" encoding="UTF-8"?>
<!-- Generated by org.testng.reporters.JUnitReportReporter -->
<testsuite skipped="0" hostname="Satishs-iMac.local" name="com.qa.tiatros.testcase.SignInTest" tests="1" failures="0" timestamp="02 May 2019 09:34:15 GMT" time="20.400" errors="0">
  <testcase name="mail_Verification" time="20.400" classname="com.qa.tiatros.testcase.SignInTest"/>
</testsuite> <!-- com.qa.tiatros.testcase.SignInTest -->
