<?xml version="1.0" encoding="UTF-8"?>
<!-- Generated by org.testng.reporters.JUnitReportReporter -->
<testsuite skipped="0" hostname="AnuKrish" name="com.qa.tiatros.signIn.testcase.TC001" tests="1" failures="0" timestamp="03 May 2019 06:24:48 GMT" time="48.085" errors="0">
  <testcase name="tc001_signIN" time="48.085" classname="com.qa.tiatros.signIn.testcase.TC001"/>
</testsuite> <!-- com.qa.tiatros.signIn.testcase.TC001 -->
