<?xml version="1.0" encoding="UTF-8"?>
<!-- Generated by org.testng.reporters.JUnitReportReporter -->
<testsuite skipped="0" hostname="Satishs-iMac.local" name="com.qa.tiatros.signIn.testcase.TC010" tests="1" failures="0" timestamp="24 Apr 2019 11:12:34 GMT" time="43.197" errors="0">
  <testcase name="tc010_signIN" time="43.197" classname="com.qa.tiatros.signIn.testcase.TC010"/>
</testsuite> <!-- com.qa.tiatros.signIn.testcase.TC010 -->
