<?xml version="1.0" encoding="UTF-8"?>
<!-- Generated by org.testng.reporters.JUnitReportReporter -->
<testsuite skipped="0" hostname="Satishs-iMac.local" name="com.qa.tiatros.testcase.RegistrationTest" tests="2" failures="0" timestamp="10 Jun 2019 05:51:07 GMT" time="35.483" errors="0">
  <testcase name="click_Signup_Link" time="24.188" classname="com.qa.tiatros.testcase.RegistrationTest"/>
  <testcase name="validationAndVerification" time="11.295" classname="com.qa.tiatros.testcase.RegistrationTest"/>
</testsuite> <!-- com.qa.tiatros.testcase.RegistrationTest -->
