<?xml version="1.0" encoding="UTF-8"?>
<!-- Generated by org.testng.reporters.JUnitReportReporter -->
<testsuite skipped="0" hostname="Satishs-iMac.local" name="com.qa.tiatros.messaging.testcase.TC004" tests="1" failures="0" timestamp="20 Jun 2019 11:06:14 GMT" time="46.840" errors="0">
  <testcase name="heartIconClick" time="46.840" classname="com.qa.tiatros.messaging.testcase.TC004"/>
</testsuite> <!-- com.qa.tiatros.messaging.testcase.TC004 -->
