<?xml version="1.0" encoding="UTF-8"?>
<!-- Generated by org.testng.reporters.JUnitReportReporter -->
<testsuite skipped="0" hostname="Satishs-iMac.local" name="com.qa.tiatros.signIn.testcase.TC012" tests="1" failures="0" timestamp="12 Jun 2019 10:38:55 GMT" time="36.321" errors="0">
  <testcase name="tc012_signIN" time="36.321" classname="com.qa.tiatros.signIn.testcase.TC012"/>
</testsuite> <!-- com.qa.tiatros.signIn.testcase.TC012 -->
